<?xml version="1.0" encoding="UTF-8"?>
<testsuite xmlns:xsi="http://www.w3.org/2001/XMLSchema-instance" xsi:noNamespaceSchemaLocation="https://maven.apache.org/surefire/maven-surefire-plugin/xsd/surefire-test-report-3.0.xsd" version="3.0" name="luv2code.taskmanager.TaskmanagerApplicationTests" time="1.427" tests="1" errors="0" skipped="0" failures="0">
  <properties>
[...]
</properties>
  <testcase name="contextLoads" classname="luv2code.taskmanager.TaskmanagerApplicationTests" time="0.395">
    <system-out><![CDATA[12:33:12.322 [main] INFO org.springframework.test.context.support.AnnotationConfigContextLoaderUtils -- Could not detect default configuration classes for test class [luv2code.taskmanager.TaskmanagerApplicationTests]: TaskmanagerApplicationTests does not declare any static, non-private, non-final, nested classes annotated with @Configuration.
12:33:12.359 [main] INFO org.springframework.boot.test.context.SpringBootTestContextBootstrapper -- Found @SpringBootConfiguration luv2code.taskmanager.TaskmanagerApplication for test class luv2code.taskmanager.TaskmanagerApplicationTests
  .   ____          _            __ _ _
 /\\ / ___'_ __ _ _(_)_ __  __ _ \ \ \ \
( ( )\___ | '_ | '_| | '_ \/ _` | \ \ \ \
 \\/  ___)| |_)| | | | | || (_| |  ) ) ) )
  '  |____| .__|_| |_|_| |_\__, | / / / /
 =========|_|==============|___/=/_/_/_/

 :: Spring Boot ::                (v3.3.0)

2026-03-19T12:33:12.506+05:30  INFO 39817 --- [taskmanager] [           main] l.t.TaskmanagerApplicationTests          : Starting TaskmanagerApplicationTests using Java 21.0.7 with PID 39817 (started by ushanthaarachchi in /Users/ushanthaarachchi/Documents/GitHub/task-manager-web/backend)
2026-03-19T12:33:12.506+05:30 DEBUG 39817 --- [taskmanager] [           main] l.t.TaskmanagerApplicationTests          : Running with Spring Boot v3.3.0, Spring v6.1.8
2026-03-19T12:33:12.507+05:30  INFO 39817 --- [taskmanager] [           main] l.t.TaskmanagerApplicationTests          : No active profile set, falling back to 1 default profile: "default"
2026-03-19T12:33:12.754+05:30  INFO 39817 --- [taskmanager] [           main] .s.d.r.c.RepositoryConfigurationDelegate : Bootstrapping Spring Data MongoDB repositories in DEFAULT mode.
2026-03-19T12:33:12.775+05:30  INFO 39817 --- [taskmanager] [           main] .s.d.r.c.RepositoryConfigurationDelegate : Finished Spring Data repository scanning in 20 ms. Found 2 MongoDB repository interfaces.
2026-03-19T12:33:12.939+05:30  INFO 39817 --- [taskmanager] [           main] org.mongodb.driver.client                : MongoClient with metadata {"driver": {"name": "mongo-java-driver|sync|spring-boot", "version": "5.0.1"}, "os": {"type": "Darwin", "name": "Mac OS X", "architecture": "aarch64", "version": "26.3.1"}, "platform": "Java/Oracle Corporation/21.0.7+8-LTS-245"} created with settings MongoClientSettings{readPreference=primary, writeConcern=WriteConcern{w=null, wTimeout=null ms, journal=null}, retryWrites=true, retryReads=true, readConcern=ReadConcern{level=null}, credential=null, transportSettings=null, commandListeners=[], codecRegistry=ProvidersCodecRegistry{codecProviders=[ValueCodecProvider{}, BsonValueCodecProvider{}, DBRefCodecProvider{}, DBObjectCodecProvider{}, DocumentCodecProvider{}, CollectionCodecProvider{}, IterableCodecProvider{}, MapCodecProvider{}, GeoJsonCodecProvider{}, GridFSFileCodecProvider{}, Jsr310CodecProvider{}, JsonObjectCodecProvider{}, BsonCodecProvider{}, EnumCodecProvider{}, com.mongodb.client.model.mql.ExpressionCodecProvider@52226e57, com.mongodb.Jep395RecordCodecProvider@1200458e, com.mongodb.KotlinCodecProvider@5fcd1c5f]}, loggerSettings=LoggerSettings{maxDocumentLength=1000}, clusterSettings={hosts=[localhost:27017], srvServiceName=mongodb, mode=SINGLE, requiredClusterType=UNKNOWN, requiredReplicaSetName='null', serverSelector='null', clusterListeners='[]', serverSelectionTimeout='30000 ms', localThreshold='15 ms'}, socketSettings=SocketSettings{connectTimeoutMS=10000, readTimeoutMS=0, receiveBufferSize=0, proxySettings=ProxySettings{host=null, port=null, username=null, password=null}}, heartbeatSocketSettings=SocketSettings{connectTimeoutMS=10000, readTimeoutMS=10000, receiveBufferSize=0, proxySettings=ProxySettings{host=null, port=null, username=null, password=null}}, connectionPoolSettings=ConnectionPoolSettings{maxSize=100, minSize=0, maxWaitTimeMS=120000, maxConnectionLifeTimeMS=0, maxConnectionIdleTimeMS=0, maintenanceInitialDelayMS=0, maintenanceFrequencyMS=60000, connectionPoolListeners=[], maxConnecting=2}, serverSettings=ServerSettings{heartbeatFrequencyMS=10000, minHeartbeatFrequencyMS=500, serverListeners='[]', serverMonitorListeners='[]'}, sslSettings=SslSettings{enabled=false, invalidHostNameAllowed=false, context=null}, applicationName='null', compressorList=[], uuidRepresentation=JAVA_LEGACY, serverApi=null, autoEncryptionSettings=null, dnsClient=null, inetAddressResolver=null, contextProvider=null}
2026-03-19T12:33:12.957+05:30  INFO 39817 --- [taskmanager] [localhost:27017] org.mongodb.driver.cluster               : Monitor thread successfully connected to server with description ServerDescription{address=localhost:27017, type=STANDALONE, state=CONNECTED, ok=true, minWireVersion=0, maxWireVersion=27, maxDocumentSize=16777216, logicalSessionTimeoutMinutes=30, roundTripTimeNanos=7093709}
2026-03-19T12:33:13.195+05:30  INFO 39817 --- [taskmanager] [           main] o.s.s.web.DefaultSecurityFilterChain     : Will secure any request with [org.springframework.security.web.session.DisableEncodeUrlFilter@6684f7f2, org.springframework.security.web.context.request.async.WebAsyncManagerIntegrationFilter@1682e6a, org.springframework.security.web.context.SecurityContextHolderFilter@510da778, org.springframework.security.web.header.HeaderWriterFilter@23b71d24, org.springframework.web.filter.CorsFilter@505d2bac, org.springframework.security.web.authentication.logout.LogoutFilter@7babed9e, luv2code.taskmanager.security.JwtAuthenticationFilter@4cecc15a, org.springframework.security.web.savedrequest.RequestCacheAwareFilter@54567b05, org.springframework.security.web.servletapi.SecurityContextHolderAwareRequestFilter@bfb93cf, org.springframework.security.web.authentication.AnonymousAuthenticationFilter@d969452, org.springframework.security.web.session.SessionManagementFilter@52c46334, org.springframework.security.web.access.ExceptionTranslationFilter@305552d6, org.springframework.security.web.access.intercept.AuthorizationFilter@1c7f6e96]
2026-03-19T12:33:13.283+05:30  INFO 39817 --- [taskmanager] [           main] l.t.TaskmanagerApplicationTests          : Started TaskmanagerApplicationTests in 0.877 seconds (process running for 1.24)
]]></system-out>
    <system-err><![CDATA[WARNING: A Java agent has been loaded dynamically (/Users/ushanthaarachchi/.m2/repository/net/bytebuddy/byte-buddy-agent/1.14.16/byte-buddy-agent-1.14.16.jar)
WARNING: If a serviceability tool is in use, please run with -XX:+EnableDynamicAgentLoading to hide this warning
WARNING: If a serviceability tool is not in use, please run with -Djdk.instrument.traceUsage for more information
WARNING: Dynamic loading of agents will be disallowed by default in a future release
]]></system-err>
  </testcase>
</testsuite>